mode: atomic
article-tags/internal/handler/app.go:14.55,18.2 1 0
article-tags/internal/handler/tag.go:12.48,16.16 3 4
article-tags/internal/handler/tag.go:16.16,19.3 2 1
article-tags/internal/handler/tag.go:22.2,23.16 2 3
article-tags/internal/handler/tag.go:23.16,25.17 2 2
article-tags/internal/handler/tag.go:25.17,30.4 3 1
article-tags/internal/handler/tag.go:34.2,34.31 1 2
article-tags/internal/handler/tag.go:34.31,47.17 3 3
article-tags/internal/handler/tag.go:47.17,50.4 2 0
article-tags/internal/handler/tag.go:53.3,53.25 1 3
article-tags/internal/handler/tag.go:53.25,54.12 1 0
article-tags/internal/handler/tag.go:57.3,58.17 2 3
article-tags/internal/handler/tag.go:58.17,63.4 3 1
article-tags/internal/handler/tag.go:66.2,66.53 1 1
article-tags/internal/handler/tag.go:70.57,77.16 5 2
article-tags/internal/handler/tag.go:77.16,82.3 3 1
article-tags/internal/handler/tag.go:84.2,89.25 2 1
article-tags/internal/handler/tag.go:89.25,91.3 1 1
article-tags/internal/handler/tag.go:93.2,93.38 1 1
article-tags/internal/handler/tag.go:98.56,105.16 5 2
article-tags/internal/handler/tag.go:105.16,110.3 3 1
article-tags/internal/handler/tag.go:112.2,117.25 2 1
article-tags/internal/handler/tag.go:117.25,119.3 1 1
article-tags/internal/handler/tag.go:121.2,121.38 1 1
article-tags/internal/handler/tag.go:126.51,130.16 3 3
article-tags/internal/handler/tag.go:130.16,133.3 2 1
article-tags/internal/handler/tag.go:135.2,143.16 3 2
article-tags/internal/handler/tag.go:143.16,146.3 2 0
article-tags/internal/handler/tag.go:149.2,149.24 1 2
article-tags/internal/handler/tag.go:149.24,152.3 2 0
article-tags/internal/handler/tag.go:155.2,156.16 2 2
article-tags/internal/handler/tag.go:156.16,161.3 3 1
article-tags/internal/handler/tag.go:163.2,163.54 1 1
